Added Component: Designator=*1(LQF64)
Add component. Clean all parameters for all variants
Added Component: Designator=*2(0805LED)
Add component. Clean all parameters for all variants
Added Component: Designator=*3(¶¨Î»¿×)
Add component. Clean all parameters for all variants
Added Component: Designator=*4(¶¨Î»¿×)
Add component. Clean all parameters for all variants
Added Component: Designator=*5(DB25)
Add component. Clean all parameters for all variants
Added Component: Designator=*6(¶¨Î»¿×)
Add component. Clean all parameters for all variants
Added Component: Designator=*7(¶¨Î»¿×)
Add component. Clean all parameters for all variants
Added Component: Designator=1(0603)
Add component. Clean all parameters for all variants
Added Component: Designator=2(0603)
Add component. Clean all parameters for all variants
Added Component: Designator=3(0603)
Add component. Clean all parameters for all variants
Added Component: Designator=C1(0603)
Add component. Clean all parameters for all variants
Added Component: Designator=C2(0603)
Add component. Clean all parameters for all variants
Added Component: Designator=C3(0603)
Add component. Clean all parameters for all variants
Added Component: Designator=C4(0603)
Add component. Clean all parameters for all variants
Added Component: Designator=C5(0603)
Add component. Clean all parameters for all variants
Added Component: Designator=C6(0603)
Add component. Clean all parameters for all variants
Added Component: Designator=C7(0603)
Add component. Clean all parameters for all variants
Add component (AddParameter): Name = "LatestRevisionDate"; Value = "17-Jul-2002"; VariantName = "[No Variations]"
Add component (AddParameter): Name = "LatestRevisionNote"; Value = "Re-released for DXP Platform."; VariantName = "[No Variations]"
Add component (AddParameter): Name = "PackageDescription"; Value = "Radial Cap, Thru-Hole; 2 Leads; 0.3 in Pin Spacing"; VariantName = "[No Variations]"
Add component (AddParameter): Name = "PackageReference"; Value = "RAD-0.3"; VariantName = "[No Variations]"
Add component (AddParameter): Name = "Published"; Value = "8-Jun-2000"; VariantName = "[No Variations]"
Add component (AddParameter): Name = "Publisher"; Value = "Altium Limited"; VariantName = "[No Variations]"
Add component (AddParameter): Name = "Value"; Value = "104"; VariantName = "[No Variations]"
Added Component: Designator=C8(0603)
Add component. Clean all parameters for all variants
Add component (AddParameter): Name = "LatestRevisionDate"; Value = "17-Jul-2002"; VariantName = "[No Variations]"
Add component (AddParameter): Name = "LatestRevisionNote"; Value = "Re-released for DXP Platform."; VariantName = "[No Variations]"
Add component (AddParameter): Name = "PackageDescription"; Value = "Radial Cap, Thru-Hole; 2 Leads; 0.3 in Pin Spacing"; VariantName = "[No Variations]"
Add component (AddParameter): Name = "PackageReference"; Value = "RAD-0.3"; VariantName = "[No Variations]"
Add component (AddParameter): Name = "Published"; Value = "8-Jun-2000"; VariantName = "[No Variations]"
Add component (AddParameter): Name = "Publisher"; Value = "Altium Limited"; VariantName = "[No Variations]"
Add component (AddParameter): Name = "Value"; Value = "1uF"; VariantName = "[No Variations]"
Added Component: Designator=C9(0603)
Add component. Clean all parameters for all variants
Add component (AddParameter): Name = "LatestRevisionDate"; Value = "17-Jul-2002"; VariantName = "[No Variations]"
Add component (AddParameter): Name = "LatestRevisionNote"; Value = "Re-released for DXP Platform."; VariantName = "[No Variations]"
Add component (AddParameter): Name = "PackageDescription"; Value = "Radial Cap, Thru-Hole; 2 Leads; 0.3 in Pin Spacing"; VariantName = "[No Variations]"
Add component (AddParameter): Name = "PackageReference"; Value = "RAD-0.3"; VariantName = "[No Variations]"
Add component (AddParameter): Name = "Published"; Value = "8-Jun-2000"; VariantName = "[No Variations]"
Add component (AddParameter): Name = "Publisher"; Value = "Altium Limited"; VariantName = "[No Variations]"
Add component (AddParameter): Name = "Value"; Value = "104"; VariantName = "[No Variations]"
Added Component: Designator=C10(0603)
Add component. Clean all parameters for all variants
Add component (AddParameter): Name = "LatestRevisionDate"; Value = "17-Jul-2002"; VariantName = "[No Variations]"
Add component (AddParameter): Name = "LatestRevisionNote"; Value = "Re-released for DXP Platform."; VariantName = "[No Variations]"
Add component (AddParameter): Name = "PackageDescription"; Value = "Radial Cap, Thru-Hole; 2 Leads; 0.3 in Pin Spacing"; VariantName = "[No Variations]"
Add component (AddParameter): Name = "PackageReference"; Value = "RAD-0.3"; VariantName = "[No Variations]"
Add component (AddParameter): Name = "Published"; Value = "8-Jun-2000"; VariantName = "[No Variations]"
Add component (AddParameter): Name = "Publisher"; Value = "Altium Limited"; VariantName = "[No Variations]"
Add component (AddParameter): Name = "Value"; Value = "1uF"; VariantName = "[No Variations]"
Added Component: Designator=C11(0603)
Add component. Clean all parameters for all variants
Add component (AddParameter): Name = "LatestRevisionDate"; Value = "17-Jul-2002"; VariantName = "[No Variations]"
Add component (AddParameter): Name = "LatestRevisionNote"; Value = "Re-released for DXP Platform."; VariantName = "[No Variations]"
Add component (AddParameter): Name = "PackageDescription"; Value = "Radial Cap, Thru-Hole; 2 Leads; 0.3 in Pin Spacing"; VariantName = "[No Variations]"
Add component (AddParameter): Name = "PackageReference"; Value = "RAD-0.3"; VariantName = "[No Variations]"
Add component (AddParameter): Name = "Published"; Value = "8-Jun-2000"; VariantName = "[No Variations]"
Add component (AddParameter): Name = "Publisher"; Value = "Altium Limited"; VariantName = "[No Variations]"
Add component (AddParameter): Name = "Value"; Value = "104"; VariantName = "[No Variations]"
Added Component: Designator=P1(HDR1X2)
Add component. Clean all parameters for all variants
Add component (AddParameter): Name = "LatestRevisionDate"; Value = "17-Jul-2002"; VariantName = "[No Variations]"
Add component (AddParameter): Name = "LatestRevisionNote"; Value = "Re-released for DXP Platform."; VariantName = "[No Variations]"
Add component (AddParameter): Name = "Publisher"; Value = "Altium Limited"; VariantName = "[No Variations]"
Added Component: Designator=R1(0603)
Add component. Clean all parameters for all variants
Add component (AddParameter): Name = "LatestRevisionDate"; Value = "17-Jul-2002"; VariantName = "[No Variations]"
Add component (AddParameter): Name = "LatestRevisionNote"; Value = "Re-released for DXP Platform."; VariantName = "[No Variations]"
Add component (AddParameter): Name = "PackageDescription"; Value = "Axial Device, Thru-Hole; 2 Leads; 0.4 in Pin Spacing"; VariantName = "[No Variations]"
Add component (AddParameter): Name = "PackageReference"; Value = "AXIAL-0.4"; VariantName = "[No Variations]"
Add component (AddParameter): Name = "Published"; Value = "8-Jun-2000"; VariantName = "[No Variations]"
Add component (AddParameter): Name = "Publisher"; Value = "Altium Limited"; VariantName = "[No Variations]"
Add component (AddParameter): Name = "Value"; Value = "10K"; VariantName = "[No Variations]"
Added Component: Designator=R2(0603)
Add component. Clean all parameters for all variants
Added Component: Designator=U1(AMS1117)
Add component. Clean all parameters for all variants
Added Component: Designator=USB-Min1(USB Micro)
Add component. Clean all parameters for all variants
Added Component: Designator=XTAL1(Ö±²å¾§Õñ)
Add component. Clean all parameters for all variants
Added Component: Designator=ÍäÕë²å×ù1(ÍäÕë²å×ù4p)
Add component. Clean all parameters for all variants
Added Pin To Net: NetName=3.3V Pin=*1-12
Added Pin To Net: NetName=3.3V Pin=*1-18
Added Pin To Net: NetName=3.3V Pin=*1-31
Added Pin To Net: NetName=3.3V Pin=*1-47
Added Pin To Net: NetName=3.3V Pin=*1-63
Added Pin To Net: NetName=3.3V Pin=3-1
Added Net: Name=3.3V
Added Pin To Net: NetName=3V3 Pin=*2-1
Added Pin To Net: NetName=3V3 Pin=C10-2
Added Pin To Net: NetName=3V3 Pin=C11-2
Added Pin To Net: NetName=3V3 Pin=R1-1
Added Pin To Net: NetName=3V3 Pin=U1-2
Added Pin To Net: NetName=3V3 Pin=ÍäÕë²å×ù1-1
Added Net: Name=3V3
Added Pin To Net: NetName=GND Pin=*1-13
Added Pin To Net: NetName=GND Pin=*1-19
Added Pin To Net: NetName=GND Pin=*1-32
Added Pin To Net: NetName=GND Pin=*1-48
Added Pin To Net: NetName=GND Pin=*1-60
Added Pin To Net: NetName=GND Pin=*1-64
Added Pin To Net: NetName=GND Pin=C1-1
Added Pin To Net: NetName=GND Pin=C2-1
Added Pin To Net: NetName=GND Pin=C3-1
Added Pin To Net: NetName=GND Pin=C4-1
Added Pin To Net: NetName=GND Pin=C5-2
Added Pin To Net: NetName=GND Pin=C6-2
Added Pin To Net: NetName=GND Pin=C7-1
Added Pin To Net: NetName=GND Pin=C8-1
Added Pin To Net: NetName=GND Pin=C9-1
Added Pin To Net: NetName=GND Pin=C10-1
Added Pin To Net: NetName=GND Pin=C11-1
Added Pin To Net: NetName=GND Pin=P1-1
Added Pin To Net: NetName=GND Pin=R2-2
Added Pin To Net: NetName=GND Pin=U1-1
Added Pin To Net: NetName=GND Pin=USB-Min1-5
Added Pin To Net: NetName=GND Pin=ÍäÕë²å×ù1-4
Added Net: Name=GND
Added Pin To Net: NetName=Net1_1 Pin=1-1
Added Pin To Net: NetName=Net1_1 Pin=USB-Min1-2
Added Net: Name=Net1_1
Added Pin To Net: NetName=Net2_1 Pin=2-1
Added Pin To Net: NetName=Net2_1 Pin=3-2
Added Pin To Net: NetName=Net2_1 Pin=USB-Min1-3
Added Net: Name=Net2_1
Added Pin To Net: NetName=Net*2_2 Pin=*2-2
Added Pin To Net: NetName=Net*2_2 Pin=R2-1
Added Net: Name=Net*2_2
Added Pin To Net: NetName=OSC_IN Pin=*1-5
Added Net: Name=OSC_IN
Added Pin To Net: NetName=OSC_OUT Pin=*1-6
Added Net: Name=OSC_OUT
Added Pin To Net: NetName=OSC IN Pin=C5-1
Added Pin To Net: NetName=OSC IN Pin=XTAL1-2
Added Net: Name=OSC IN
Added Pin To Net: NetName=OSC OUT Pin=C6-1
Added Pin To Net: NetName=OSC OUT Pin=XTAL1-1
Added Net: Name=OSC OUT
Added Pin To Net: NetName=PA11/D- Pin=*1-44
Added Pin To Net: NetName=PA11/D- Pin=1-2
Added Net: Name=PA11/D-
Added Pin To Net: NetName=PA12/D+ Pin=*1-45
Added Pin To Net: NetName=PA12/D+ Pin=2-2
Added Net: Name=PA12/D+
Added Pin To Net: NetName=PB0 Pin=*1-26
Added Net: Name=PB0
Added Pin To Net: NetName=PB1 Pin=*1-27
Added Net: Name=PB1
Added Pin To Net: NetName=PB2 Pin=*1-28
Added Net: Name=PB2
Added Pin To Net: NetName=PB3 Pin=*1-55
Added Net: Name=PB3
Added Pin To Net: NetName=PB4 Pin=*1-56
Added Net: Name=PB4
Added Pin To Net: NetName=PB5 Pin=*1-57
Added Net: Name=PB5
Added Pin To Net: NetName=PB6 Pin=*1-58
Added Net: Name=PB6
Added Pin To Net: NetName=PB7 Pin=*1-59
Added Net: Name=PB7
Added Pin To Net: NetName=PB8 Pin=*1-61
Added Net: Name=PB8
Added Pin To Net: NetName=PB9 Pin=*1-62
Added Net: Name=PB9
Added Pin To Net: NetName=PB10 Pin=*1-29
Added Net: Name=PB10
Added Pin To Net: NetName=PB11 Pin=*1-30
Added Net: Name=PB11
Added Pin To Net: NetName=PB12 Pin=*1-33
Added Net: Name=PB12
Added Pin To Net: NetName=PB13 Pin=*1-34
Added Net: Name=PB13
Added Pin To Net: NetName=PB14 Pin=*1-35
Added Net: Name=PB14
Added Pin To Net: NetName=PB15 Pin=*1-36
Added Net: Name=PB15
Added Pin To Net: NetName=PC0 Pin=*1-8
Added Net: Name=PC0
Added Pin To Net: NetName=PC1 Pin=*1-9
Added Net: Name=PC1
Added Pin To Net: NetName=PC2 Pin=*1-10
Added Net: Name=PC2
Added Pin To Net: NetName=PC3 Pin=*1-11
Added Net: Name=PC3
Added Pin To Net: NetName=PC4 Pin=*1-24
Added Net: Name=PC4
Added Pin To Net: NetName=PC5 Pin=*1-25
Added Net: Name=PC5
Added Pin To Net: NetName=PC6 Pin=*1-37
Added Net: Name=PC6
Added Pin To Net: NetName=PC7 Pin=*1-38
Added Net: Name=PC7
Added Pin To Net: NetName=PC8 Pin=*1-39
Added Net: Name=PC8
Added Pin To Net: NetName=PC9 Pin=*1-40
Added Net: Name=PC9
Added Pin To Net: NetName=PC10 Pin=*1-51
Added Net: Name=PC10
Added Pin To Net: NetName=PC11 Pin=*1-52
Added Net: Name=PC11
Added Pin To Net: NetName=PC12 Pin=*1-53
Added Net: Name=PC12
Added Pin To Net: NetName=PC13 Pin=*1-2
Added Net: Name=PC13
Added Pin To Net: NetName=PC14 Pin=*1-3
Added Net: Name=PC14
Added Pin To Net: NetName=PC15 Pin=*1-4
Added Net: Name=PC15
Added Pin To Net: NetName=RESET Pin=*1-7
Added Pin To Net: NetName=RESET Pin=C7-2
Added Pin To Net: NetName=RESET Pin=P1-2
Added Pin To Net: NetName=RESET Pin=R1-2
Added Net: Name=RESET
Added Pin To Net: NetName=SWCLK Pin=*1-49
Added Pin To Net: NetName=SWCLK Pin=ÍäÕë²å×ù1-3
Added Net: Name=SWCLK
Added Pin To Net: NetName=SWDIO Pin=*1-46
Added Pin To Net: NetName=SWDIO Pin=ÍäÕë²å×ù1-2
Added Net: Name=SWDIO
Added Pin To Net: NetName=U1_RX Pin=*1-43
Added Net: Name=U1_RX
Added Pin To Net: NetName=U1_TX Pin=*1-42
Added Net: Name=U1_TX
Added Pin To Net: NetName=U2_RX Pin=*1-17
Added Net: Name=U2_RX
Added Pin To Net: NetName=U2_TX Pin=*1-16
Added Net: Name=U2_TX
Added Pin To Net: NetName=VCC Pin=C8-2
Added Pin To Net: NetName=VCC Pin=C9-2
Added Pin To Net: NetName=VCC Pin=U1-3
Added Pin To Net: NetName=VCC Pin=USB-Min1-1
Added Net: Name=VCC
Added Class: Name=Sheet1
Added Room: Name=Sheet1
