Removed Pin From Net: NetName=3V3 Pin=C1-2
Removed Pin From Net: NetName=3V3 Pin=C2-2
Removed Pin From Net: NetName=3V3 Pin=C3-2
Removed Pin From Net: NetName=3V3 Pin=C4-2
Added Component: Designator=P1(HDR-1x2)
Add component. Clean all parameters for all variants
Add component (AddParameter): Name = "LatestRevisionDate"; Value = "17-Jul-2002"; VariantName = "[No Variations]"
Add component (AddParameter): Name = "LatestRevisionNote"; Value = "Re-released for DXP Platform."; VariantName = "[No Variations]"
Add component (AddParameter): Name = "Publisher"; Value = "Altium Limited"; VariantName = "[No Variations]"
Added Pin To Net: NetName=PC8 Pin=*5-16
Added Pin To Net: NetName=PC9 Pin=*5-17
Added Pin To Net: NetName=PC10 Pin=*5-18
Added Pin To Net: NetName=PC11 Pin=*5-19
Added Pin To Net: NetName=PC12 Pin=*5-20
Added Pin To Net: NetName=PC13 Pin=*5-21
Added Pin To Net: NetName=PC14 Pin=*5-22
Added Pin To Net: NetName=PC15 Pin=*5-23
Added Pin To Net: NetName=3V3 Pin=3-1
Added Pin To Net: NetName=GND Pin=P1-1
Added Pin To Net: NetName=RESET Pin=P1-2
Added Member To Class: ClassName=Sheet1 Member=Component P1 Header 2
Added Room: Name=Sheet1
