Change Component Designator: OldDesignator=8M NewDesignator=XTAL1
Added Component: Designator=P1(HDR-1x2)
Add component. Clean all parameters for all variants
Add component (AddParameter): Name = "LatestRevisionDate"; Value = "17-Jul-2002"; VariantName = "[No Variations]"
Add component (AddParameter): Name = "LatestRevisionNote"; Value = "Re-released for DXP Platform."; VariantName = "[No Variations]"
Add component (AddParameter): Name = "Publisher"; Value = "Altium Limited"; VariantName = "[No Variations]"
Added Pin To Net: NetName=3V3 Pin=*5-1
Added Pin To Net: NetName=3V3 Pin=*5-2
Added Pin To Net: NetName=3V3 Pin=*5-3
Added Pin To Net: NetName=GND Pin=*5-12
Added Pin To Net: NetName=GND Pin=*5-13
Added Pin To Net: NetName=VCC Pin=*5-14
Added Pin To Net: NetName=VCC Pin=*5-15
Added Pin To Net: NetName=GND Pin=*5-24
Added Pin To Net: NetName=GND Pin=*5-25
Added Pin To Net: NetName=3V3 Pin=C2-2
Added Pin To Net: NetName=GND Pin=P1-1
Added Pin To Net: NetName=RESET Pin=P1-2
Added Member To Class: ClassName=Sheet1 Member=Component P1 Header 2
Added Room: Name=Sheet1
