Removed Pin From Net: NetName=3.3V Pin=*1-12
Removed Pin From Net: NetName=3.3V Pin=*1-18
Removed Pin From Net: NetName=3.3V Pin=*1-31
Removed Pin From Net: NetName=3.3V Pin=*1-47
Removed Pin From Net: NetName=3.3V Pin=*1-63
Removed Pin From Net: NetName=3.3V Pin=C1-2
Removed Pin From Net: NetName=3.3V Pin=C2-2
Removed Pin From Net: NetName=3.3V Pin=C3-2
Removed Pin From Net: NetName=3.3V Pin=C4-2
Added Component: Designator=P1(HDR-1x2)
Add component. Clean all parameters for all variants
Add component (AddParameter): Name = "LatestRevisionDate"; Value = "17-Jul-2002"; VariantName = "[No Variations]"
Add component (AddParameter): Name = "LatestRevisionNote"; Value = "Re-released for DXP Platform."; VariantName = "[No Variations]"
Add component (AddParameter): Name = "Publisher"; Value = "Altium Limited"; VariantName = "[No Variations]"
Added Pin To Net: NetName=3V3 Pin=*1-12
Added Pin To Net: NetName=3V3 Pin=*1-18
Added Pin To Net: NetName=3V3 Pin=*1-31
Added Pin To Net: NetName=3V3 Pin=*1-47
Added Pin To Net: NetName=3V3 Pin=*1-63
Added Pin To Net: NetName=GND Pin=P1-1
Added Pin To Net: NetName=RESET Pin=P1-2
Added Member To Class: ClassName=Sheet1 Member=Component P1 Header 2
Added Room: Name=Sheet1
