Added Component: Designator=*1(LQF64)
Added Pin To Net: NetName=PC13 Pin=*1-2
Added Pin To Net: NetName=PC14 Pin=*1-3
Added Pin To Net: NetName=PC15 Pin=*1-4
Added Pin To Net: NetName=OSC_IN Pin=*1-5
Added Pin To Net: NetName=OSC_OUT Pin=*1-6
Added Pin To Net: NetName=RESET Pin=*1-7
Added Pin To Net: NetName=PC0 Pin=*1-8
Added Pin To Net: NetName=PC1 Pin=*1-9
Added Pin To Net: NetName=PC2 Pin=*1-10
Added Pin To Net: NetName=PC3 Pin=*1-11
Added Pin To Net: NetName=GND Pin=*1-12
Added Pin To Net: NetName=3V3 Pin=*1-13
Added Pin To Net: NetName=GND Pin=*1-18
Added Pin To Net: NetName=3V3 Pin=*1-19
Added Pin To Net: NetName=PC4 Pin=*1-24
Added Pin To Net: NetName=PC5 Pin=*1-25
Added Pin To Net: NetName=PB0 Pin=*1-26
Added Pin To Net: NetName=PB1 Pin=*1-27
Added Pin To Net: NetName=PB2 Pin=*1-28
Added Pin To Net: NetName=PB10 Pin=*1-29
Added Pin To Net: NetName=PB11 Pin=*1-30
Added Pin To Net: NetName=GND Pin=*1-31
Added Pin To Net: NetName=3V3 Pin=*1-32
Added Pin To Net: NetName=PB12 Pin=*1-33
Added Pin To Net: NetName=PB13 Pin=*1-34
Added Pin To Net: NetName=PB14 Pin=*1-35
Added Pin To Net: NetName=PB15 Pin=*1-36
Added Pin To Net: NetName=PC6 Pin=*1-37
Added Pin To Net: NetName=PC7 Pin=*1-38
Added Pin To Net: NetName=PC8 Pin=*1-39
Added Pin To Net: NetName=PC9 Pin=*1-40
Added Pin To Net: NetName=PA11/D- Pin=*1-44
Added Pin To Net: NetName=PA12/D+ Pin=*1-45
Added Pin To Net: NetName=SWDIO Pin=*1-46
Added Pin To Net: NetName=GND Pin=*1-47
Added Pin To Net: NetName=3V3 Pin=*1-48
Added Pin To Net: NetName=SWCLK Pin=*1-49
Added Pin To Net: NetName=PC10 Pin=*1-51
Added Pin To Net: NetName=PC11 Pin=*1-52
Added Pin To Net: NetName=PC12 Pin=*1-53
Added Pin To Net: NetName=PB3 Pin=*1-55
Added Pin To Net: NetName=PB4 Pin=*1-56
Added Pin To Net: NetName=PB5 Pin=*1-57
Added Pin To Net: NetName=PB6 Pin=*1-58
Added Pin To Net: NetName=PB7 Pin=*1-59
Added Pin To Net: NetName=GND Pin=*1-60
Added Pin To Net: NetName=PB8 Pin=*1-61
Added Pin To Net: NetName=PB9 Pin=*1-62
Added Pin To Net: NetName=GND Pin=*1-63
Added Pin To Net: NetName=3V3 Pin=*1-64
Added Member To Class: ClassName=中继板子 Member=Component *1 stm32F103RCT6
Added Room: Name=中继板子
