Added Component: Designator=P1(IDC2.54-20P)
Added Component: Designator=P2(51≤Â◊˘)
Added Component: Designator=P3(PH2.0 D-L-2P)
Added Component: Designator=P4(PH2.0 D-W-2P)
Added Component: Designator=P5(PH2.0 D-W-2P)
Added Pin To Net: NetName=+5V Pin=P2-9
Added Net: Name=+5V
Added Pin To Net: NetName=-150V Pin=P2-31
Added Net: Name=-150V
Added Pin To Net: NetName=A0 Pin=P1-18
Added Pin To Net: NetName=A0 Pin=P2-11
Added Net: Name=A0
Added Pin To Net: NetName=A1 Pin=P1-17
Added Pin To Net: NetName=A1 Pin=P2-13
Added Net: Name=A1
Added Pin To Net: NetName=A2 Pin=P1-16
Added Pin To Net: NetName=A2 Pin=P2-15
Added Net: Name=A2
Added Pin To Net: NetName=A3 Pin=P1-15
Added Pin To Net: NetName=A3 Pin=P2-17
Added Net: Name=A3
Added Pin To Net: NetName=A4 Pin=P1-14
Added Pin To Net: NetName=A4 Pin=P2-19
Added Net: Name=A4
Added Pin To Net: NetName=A5 Pin=P1-13
Added Pin To Net: NetName=A5 Pin=P2-21
Added Net: Name=A5
Added Pin To Net: NetName=A6 Pin=P1-12
Added Pin To Net: NetName=A6 Pin=P2-23
Added Net: Name=A6
Added Pin To Net: NetName=A7 Pin=P1-11
Added Pin To Net: NetName=A7 Pin=P2-25
Added Net: Name=A7
Added Pin To Net: NetName=A8 Pin=P1-10
Added Pin To Net: NetName=A8 Pin=P2-27
Added Net: Name=A8
Added Pin To Net: NetName=A9 Pin=P1-9
Added Pin To Net: NetName=A9 Pin=P2-29
Added Net: Name=A9
Added Pin To Net: NetName=A10 Pin=P1-8
Added Net: Name=A10
Added Pin To Net: NetName=A11 Pin=P1-7
Added Net: Name=A11
Added Pin To Net: NetName=GND Pin=P1-1
Added Pin To Net: NetName=GND Pin=P1-2
Added Pin To Net: NetName=GND Pin=P1-19
Added Pin To Net: NetName=GND Pin=P1-20
Added Net: Name=GND
Added Pin To Net: NetName=NetP3_1 Pin=P3-1
Added Net: Name=NetP3_1
Added Pin To Net: NetName=NetP3_2 Pin=P3-2
Added Net: Name=NetP3_2
Added Pin To Net: NetName=NetP4_1 Pin=P4-1
Added Pin To Net: NetName=NetP4_1 Pin=P4-2
Added Net: Name=NetP4_1
Added Pin To Net: NetName=NetP5_1 Pin=P5-1
Added Pin To Net: NetName=NetP5_1 Pin=P5-2
Added Net: Name=NetP5_1
Added Pin To Net: NetName=PC12 Pin=P1-6
Added Net: Name=PC12
Added Pin To Net: NetName=PC13 Pin=P1-5
Added Net: Name=PC13
Added Pin To Net: NetName=PC14 Pin=P1-4
Added Net: Name=PC14
Added Pin To Net: NetName=PC15 Pin=P1-3
Added Net: Name=PC15
Added Class: Name=≤‚ ‘∞Â
Added Room: Name=≤‚ ‘∞Â
