Removed Pin From Net: NetName=PC15 Pin=P1-3
Removed Pin From Net: NetName=PC14 Pin=P1-4
Removed Pin From Net: NetName=PC13 Pin=P1-5
Removed Pin From Net: NetName=PC12 Pin=P1-6
Removed Pin From Net: NetName=A11 Pin=P1-7
Removed Pin From Net: NetName=A10 Pin=P1-8
Removed Pin From Net: NetName=A9 Pin=P1-9
Removed Pin From Net: NetName=A8 Pin=P1-10
Removed Pin From Net: NetName=A7 Pin=P1-11
Removed Pin From Net: NetName=A6 Pin=P1-12
Removed Pin From Net: NetName=A5 Pin=P1-13
Removed Pin From Net: NetName=A4 Pin=P1-14
Removed Pin From Net: NetName=A3 Pin=P1-15
Removed Pin From Net: NetName=A2 Pin=P1-16
Removed Pin From Net: NetName=A1 Pin=P1-17
Removed Pin From Net: NetName=A0 Pin=P1-18
Added Pin To Net: NetName=A0 Pin=P1-3
Added Pin To Net: NetName=A1 Pin=P1-4
Added Pin To Net: NetName=A2 Pin=P1-5
Added Pin To Net: NetName=A3 Pin=P1-6
Added Pin To Net: NetName=A4 Pin=P1-7
Added Pin To Net: NetName=A5 Pin=P1-8
Added Pin To Net: NetName=A6 Pin=P1-9
Added Pin To Net: NetName=A7 Pin=P1-10
Added Pin To Net: NetName=A8 Pin=P1-11
Added Pin To Net: NetName=A9 Pin=P1-12
Added Pin To Net: NetName=A10 Pin=P1-13
Added Pin To Net: NetName=A11 Pin=P1-14
Added Pin To Net: NetName=PC12 Pin=P1-15
Added Pin To Net: NetName=PC13 Pin=P1-16
Added Pin To Net: NetName=PC14 Pin=P1-17
Added Pin To Net: NetName=PC15 Pin=P1-18
Added Room: Name=≤‚ ‘∞Â
